{"/home/dmansurov90/frontend-project-46/frontend-project-46/src/index.js": {"path":"/home/dmansurov90/frontend-project-46/frontend-project-46/src/index.js","statementMap":{"0":{"start":{"line":6,"column":17},"end":{"line":10,"column":1}},"1":{"start":{"line":7,"column":19},"end":{"line":7,"column":56}},"2":{"start":{"line":8,"column":19},"end":{"line":8,"column":52}},"3":{"start":{"line":9,"column":2},"end":{"line":9,"column":18}},"4":{"start":{"line":13,"column":16},"end":{"line":35,"column":1}},"5":{"start":{"line":14,"column":16},"end":{"line":14,"column":29}},"6":{"start":{"line":15,"column":16},"end":{"line":15,"column":29}},"7":{"start":{"line":16,"column":15},"end":{"line":16,"column":46}},"8":{"start":{"line":18,"column":17},"end":{"line":28,"column":4}},"9":{"start":{"line":19,"column":4},"end":{"line":27,"column":5}},"10":{"start":{"line":20,"column":6},"end":{"line":20,"column":41}},"11":{"start":{"line":21,"column":11},"end":{"line":27,"column":5}},"12":{"start":{"line":22,"column":6},"end":{"line":22,"column":41}},"13":{"start":{"line":23,"column":11},"end":{"line":27,"column":5}},"14":{"start":{"line":24,"column":6},"end":{"line":24,"column":68}},"15":{"start":{"line":26,"column":6},"end":{"line":26,"column":41}},"16":{"start":{"line":30,"column":21},"end":{"line":30,"column":34}},"17":{"start":{"line":31,"column":23},"end":{"line":31,"column":87}},"18":{"start":{"line":31,"column":68},"end":{"line":31,"column":85}},"19":{"start":{"line":33,"column":21},"end":{"line":33,"column":58}},"20":{"start":{"line":34,"column":2},"end":{"line":34,"column":40}},"21":{"start":{"line":39,"column":20},"end":{"line":39,"column":39}},"22":{"start":{"line":40,"column":20},"end":{"line":40,"column":39}},"23":{"start":{"line":42,"column":26},"end":{"line":42,"column":47}},"24":{"start":{"line":43,"column":26},"end":{"line":43,"column":47}},"25":{"start":{"line":45,"column":2},"end":{"line":45,"column":51}}},"fnMap":{"0":{"name":"(anonymous_0)","decl":{"start":{"line":6,"column":17},"end":{"line":6,"column":18}},"loc":{"start":{"line":6,"column":31},"end":{"line":10,"column":1}},"line":6},"1":{"name":"(anonymous_1)","decl":{"start":{"line":13,"column":16},"end":{"line":13,"column":17}},"loc":{"start":{"line":13,"column":34},"end":{"line":35,"column":1}},"line":13},"2":{"name":"(anonymous_2)","decl":{"start":{"line":18,"column":26},"end":{"line":18,"column":27}},"loc":{"start":{"line":18,"column":35},"end":{"line":28,"column":3}},"line":18},"3":{"name":"(anonymous_3)","decl":{"start":{"line":31,"column":57},"end":{"line":31,"column":58}},"loc":{"start":{"line":31,"column":68},"end":{"line":31,"column":85}},"line":31},"4":{"name":"(anonymous_4)","decl":{"start":{"line":38,"column":15},"end":{"line":38,"column":16}},"loc":{"start":{"line":38,"column":41},"end":{"line":46,"column":1}},"line":38}},"branchMap":{"0":{"loc":{"start":{"line":19,"column":4},"end":{"line":27,"column":5}},"type":"if","locations":[{"start":{"line":19,"column":4},"end":{"line":27,"column":5}},{"start":{"line":21,"column":11},"end":{"line":27,"column":5}}],"line":19},"1":{"loc":{"start":{"line":21,"column":11},"end":{"line":27,"column":5}},"type":"if","locations":[{"start":{"line":21,"column":11},"end":{"line":27,"column":5}},{"start":{"line":23,"column":11},"end":{"line":27,"column":5}}],"line":21},"2":{"loc":{"start":{"line":23,"column":11},"end":{"line":27,"column":5}},"type":"if","locations":[{"start":{"line":23,"column":11},"end":{"line":27,"column":5}},{"start":{"line":25,"column":11},"end":{"line":27,"column":5}}],"line":23}},"s":{"0":1,"1":2,"2":2,"3":2,"4":1,"5":1,"6":1,"7":1,"8":1,"9":5,"10":1,"11":4,"12":2,"13":2,"14":1,"15":1,"16":1,"17":1,"18":6,"19":1,"20":1,"21":1,"22":1,"23":1,"24":1,"25":1},"f":{"0":2,"1":1,"2":5,"3":6,"4":1},"b":{"0":[1,4],"1":[2,2],"2":[1,1]},"_coverageSchema":"1a1c01bbd47fc00a2c39e90264f33305004495a9","hash":"354f8339ad360b835cf8a9b933af7d32b3b1e629"}
}
