{"/home/dmansurov90/frontend-project-46/frontend-project-46/src/index.js": {"path":"/home/dmansurov90/frontend-project-46/frontend-project-46/src/index.js","statementMap":{"0":{"start":{"line":7,"column":17},"end":{"line":20,"column":1}},"1":{"start":{"line":8,"column":19},"end":{"line":8,"column":56}},"2":{"start":{"line":9,"column":17},"end":{"line":9,"column":39}},"3":{"start":{"line":10,"column":19},"end":{"line":10,"column":55}},"4":{"start":{"line":13,"column":2},"end":{"line":17,"column":3}},"5":{"start":{"line":14,"column":4},"end":{"line":14,"column":23}},"6":{"start":{"line":15,"column":9},"end":{"line":17,"column":3}},"7":{"start":{"line":16,"column":4},"end":{"line":16,"column":22}},"8":{"start":{"line":19,"column":2},"end":{"line":19,"column":25}},"9":{"start":{"line":23,"column":16},"end":{"line":45,"column":1}},"10":{"start":{"line":24,"column":16},"end":{"line":24,"column":29}},"11":{"start":{"line":25,"column":16},"end":{"line":25,"column":29}},"12":{"start":{"line":26,"column":15},"end":{"line":26,"column":46}},"13":{"start":{"line":28,"column":17},"end":{"line":38,"column":4}},"14":{"start":{"line":29,"column":4},"end":{"line":37,"column":5}},"15":{"start":{"line":30,"column":6},"end":{"line":30,"column":41}},"16":{"start":{"line":31,"column":11},"end":{"line":37,"column":5}},"17":{"start":{"line":32,"column":6},"end":{"line":32,"column":41}},"18":{"start":{"line":33,"column":11},"end":{"line":37,"column":5}},"19":{"start":{"line":34,"column":6},"end":{"line":34,"column":68}},"20":{"start":{"line":36,"column":6},"end":{"line":36,"column":41}},"21":{"start":{"line":40,"column":21},"end":{"line":40,"column":34}},"22":{"start":{"line":41,"column":23},"end":{"line":41,"column":87}},"23":{"start":{"line":41,"column":68},"end":{"line":41,"column":85}},"24":{"start":{"line":43,"column":21},"end":{"line":43,"column":58}},"25":{"start":{"line":44,"column":2},"end":{"line":44,"column":40}},"26":{"start":{"line":49,"column":26},"end":{"line":49,"column":45}},"27":{"start":{"line":50,"column":26},"end":{"line":50,"column":45}},"28":{"start":{"line":51,"column":2},"end":{"line":51,"column":57}},"29":{"start":{"line":52,"column":2},"end":{"line":52,"column":51}}},"fnMap":{"0":{"name":"(anonymous_0)","decl":{"start":{"line":7,"column":17},"end":{"line":7,"column":18}},"loc":{"start":{"line":7,"column":31},"end":{"line":20,"column":1}},"line":7},"1":{"name":"(anonymous_1)","decl":{"start":{"line":23,"column":16},"end":{"line":23,"column":17}},"loc":{"start":{"line":23,"column":34},"end":{"line":45,"column":1}},"line":23},"2":{"name":"(anonymous_2)","decl":{"start":{"line":28,"column":26},"end":{"line":28,"column":27}},"loc":{"start":{"line":28,"column":35},"end":{"line":38,"column":3}},"line":28},"3":{"name":"(anonymous_3)","decl":{"start":{"line":41,"column":57},"end":{"line":41,"column":58}},"loc":{"start":{"line":41,"column":68},"end":{"line":41,"column":85}},"line":41},"4":{"name":"(anonymous_4)","decl":{"start":{"line":48,"column":15},"end":{"line":48,"column":16}},"loc":{"start":{"line":48,"column":41},"end":{"line":53,"column":1}},"line":48}},"branchMap":{"0":{"loc":{"start":{"line":13,"column":2},"end":{"line":17,"column":3}},"type":"if","locations":[{"start":{"line":13,"column":2},"end":{"line":17,"column":3}},{"start":{"line":15,"column":9},"end":{"line":17,"column":3}}],"line":13},"1":{"loc":{"start":{"line":15,"column":9},"end":{"line":17,"column":3}},"type":"if","locations":[{"start":{"line":15,"column":9},"end":{"line":17,"column":3}},{"start":{},"end":{}}],"line":15},"2":{"loc":{"start":{"line":15,"column":13},"end":{"line":15,"column":52}},"type":"binary-expr","locations":[{"start":{"line":15,"column":13},"end":{"line":15,"column":30}},{"start":{"line":15,"column":34},"end":{"line":15,"column":52}}],"line":15},"3":{"loc":{"start":{"line":29,"column":4},"end":{"line":37,"column":5}},"type":"if","locations":[{"start":{"line":29,"column":4},"end":{"line":37,"column":5}},{"start":{"line":31,"column":11},"end":{"line":37,"column":5}}],"line":29},"4":{"loc":{"start":{"line":31,"column":11},"end":{"line":37,"column":5}},"type":"if","locations":[{"start":{"line":31,"column":11},"end":{"line":37,"column":5}},{"start":{"line":33,"column":11},"end":{"line":37,"column":5}}],"line":31},"5":{"loc":{"start":{"line":33,"column":11},"end":{"line":37,"column":5}},"type":"if","locations":[{"start":{"line":33,"column":11},"end":{"line":37,"column":5}},{"start":{"line":35,"column":11},"end":{"line":37,"column":5}}],"line":33}},"s":{"0":1,"1":2,"2":2,"3":2,"4":2,"5":0,"6":2,"7":2,"8":2,"9":1,"10":2,"11":2,"12":2,"13":2,"14":10,"15":2,"16":8,"17":4,"18":4,"19":2,"20":2,"21":2,"22":2,"23":12,"24":2,"25":2,"26":1,"27":1,"28":1,"29":1},"f":{"0":2,"1":2,"2":10,"3":12,"4":1},"b":{"0":[0,2],"1":[2,0],"2":[2,2],"3":[2,8],"4":[4,4],"5":[2,2]},"_coverageSchema":"1a1c01bbd47fc00a2c39e90264f33305004495a9","hash":"d993c0ebafca03907a6c260923d11a1afdfdc773"}
}
