TN:
SF:src/index.js
FN:7,(anonymous_0)
FN:23,(anonymous_1)
FN:28,(anonymous_2)
FN:41,(anonymous_3)
FN:48,(anonymous_4)
FNF:5
FNH:5
FNDA:2,(anonymous_0)
FNDA:2,(anonymous_1)
FNDA:10,(anonymous_2)
FNDA:12,(anonymous_3)
FNDA:1,(anonymous_4)
DA:7,1
DA:8,2
DA:9,2
DA:10,2
DA:13,2
DA:14,0
DA:15,2
DA:16,2
DA:19,2
DA:23,1
DA:24,2
DA:25,2
DA:26,2
DA:28,2
DA:29,10
DA:30,2
DA:31,8
DA:32,4
DA:33,4
DA:34,2
DA:36,2
DA:40,2
DA:41,12
DA:43,2
DA:44,2
DA:49,1
DA:50,1
DA:51,1
DA:52,1
LF:29
LH:28
BRDA:13,0,0,0
BRDA:13,0,1,2
BRDA:15,1,0,2
BRDA:15,1,1,0
BRDA:15,2,0,2
BRDA:15,2,1,2
BRDA:29,3,0,2
BRDA:29,3,1,8
BRDA:31,4,0,4
BRDA:31,4,1,4
BRDA:33,5,0,2
BRDA:33,5,1,2
BRF:12
BRH:10
end_of_record
