TN:
SF:src/index.js
FN:6,(anonymous_0)
FN:13,(anonymous_1)
FN:18,(anonymous_2)
FN:31,(anonymous_3)
FN:38,(anonymous_4)
FNF:5
FNH:5
FNDA:2,(anonymous_0)
FNDA:1,(anonymous_1)
FNDA:5,(anonymous_2)
FNDA:6,(anonymous_3)
FNDA:1,(anonymous_4)
DA:6,1
DA:7,2
DA:8,2
DA:9,2
DA:13,1
DA:14,1
DA:15,1
DA:16,1
DA:18,1
DA:19,5
DA:20,1
DA:21,4
DA:22,2
DA:23,2
DA:24,1
DA:26,1
DA:30,1
DA:31,6
DA:33,1
DA:34,1
DA:39,1
DA:40,1
DA:42,1
DA:43,1
DA:45,1
LF:25
LH:25
BRDA:19,0,0,1
BRDA:19,0,1,4
BRDA:21,1,0,2
BRDA:21,1,1,2
BRDA:23,2,0,1
BRDA:23,2,1,1
BRF:6
BRH:6
end_of_record
